Running: /opt/Xilinx/14.7/ISE_DS/ISE/bin/lin64/unwrapped/fuse -intstyle ise -incremental -lib unisims_ver -lib unimacro_ver -lib xilinxcorelib_ver -o /home/aaron/Git Repos/CSE311/lab2/mux4_1_tb_isim_beh.exe -prj /home/aaron/Git Repos/CSE311/lab2/mux4_1_tb_beh.prj work.mux4_1_tb work.glbl 
ISim P.20131013 (signature 0xfbc00daa)
Number of CPUs detected in this system: 4
Turning on mult-threading, number of parallel sub-compilation jobs: 8 
Determining compilation order of HDL files
Analyzing Verilog file "/home/aaron/Git Repos/CSE311/lab2/mux4_1.v" into library work
Analyzing Verilog file "/home/aaron/Git Repos/CSE311/lab2/mux4_1_tb.v" into library work
Analyzing Verilog file "/opt/Xilinx/14.7/ISE_DS/ISE//verilog/src/glbl.v" into library work
Starting static elaboration
Completed static elaboration
Fuse Memory Usage: 94668 KB
Fuse CPU Usage: 3210 ms
Compiling module mux4_1
Compiling module mux4_1_tb
Compiling module glbl
Time Resolution for simulation is 1ps.
Compiled 3 Verilog Units
Built simulation executable /home/aaron/Git Repos/CSE311/lab2/mux4_1_tb_isim_beh.exe
Fuse Memory Usage: 654844 KB
Fuse CPU Usage: 3220 ms
GCC CPU Usage: 480 ms
